app/build/intermediates/manifest_merge_blame_file/debug/processDebugMainManifest/manifest-merger-blame-debug-report.txt
1<?xml version="1.0" encoding="utf-8"?>
2<manifest xmlns:android="http://schemas.android.com/apk/res/android"
3    package="ie.napkin.supertasks"
4    android:versionCode="1"
5    android:versionName="0.1.0" >
6
7    <uses-sdk
7-->INJECTED
8        android:minSdkVersion="26"
8-->INJECTED
9        android:targetSdkVersion="36" />
9-->INJECTED
10
11    <permission
11-->[androidx.core:core:1.16.0] AndroidManifest.xml:22:5-24:47
12        android:name="ie.napkin.supertasks.DYNAMIC_RECEIVER_NOT_EXPORTED_PERMISSION"
12-->[androidx.core:core:1.16.0] AndroidManifest.xml:23:9-81
13        android:protectionLevel="signature" />
13-->[androidx.core:core:1.16.0] AndroidManifest.xml:24:9-44
14
15    <uses-permission android:name="ie.napkin.supertasks.DYNAMIC_RECEIVER_NOT_EXPORTED_PERMISSION" />
15-->[androidx.core:core:1.16.0] AndroidManifest.xml:26:5-97
15-->[androidx.core:core:1.16.0] AndroidManifest.xml:26:22-94
16
17    <application
17-->src\main\AndroidManifest.xml:4:5-46:19
18        android:name="ie.napkin.supertasks.App"
18-->src\main\AndroidManifest.xml:5:9-28
19        android:allowBackup="true"
19-->src\main\AndroidManifest.xml:6:9-35
20        android:appComponentFactory="androidx.core.app.CoreComponentFactory"
20-->[androidx.core:core:1.16.0] AndroidManifest.xml:28:18-86
21        android:debuggable="true"
22        android:extractNativeLibs="false"
22-->INJECTED
23        android:icon="@drawable/ic_launcher"
23-->src\main\AndroidManifest.xml:7:9-45
24        android:label="@string/app_name"
24-->src\main\AndroidManifest.xml:8:9-41
25        android:supportsRtl="true"
25-->src\main\AndroidManifest.xml:9:9-35
26        android:testOnly="true"
27        android:theme="@style/Theme.SuperTasks" >
27-->src\main\AndroidManifest.xml:10:9-48
28        <activity
28-->src\main\AndroidManifest.xml:11:9-20:20
29            android:name="ie.napkin.supertasks.MainActivity"
29-->src\main\AndroidManifest.xml:12:13-41
30            android:exported="true"
30-->src\main\AndroidManifest.xml:13:13-36
31            android:launchMode="singleTop"
31-->src\main\AndroidManifest.xml:14:13-43
32            android:windowSoftInputMode="adjustResize" >
32-->src\main\AndroidManifest.xml:15:13-55
33            <intent-filter>
33-->src\main\AndroidManifest.xml:16:13-19:29
34                <action android:name="android.intent.action.MAIN" />
34-->src\main\AndroidManifest.xml:17:17-69
34-->src\main\AndroidManifest.xml:17:25-66
35
36                <category android:name="android.intent.category.LAUNCHER" />
36-->src\main\AndroidManifest.xml:18:17-77
36-->src\main\AndroidManifest.xml:18:27-74
37            </intent-filter>
38        </activity>
39
40        <!-- Home-screen list widget -->
41        <activity
41-->src\main\AndroidManifest.xml:23:9-29:20
42            android:name="ie.napkin.supertasks.widget.WidgetConfigActivity"
42-->src\main\AndroidManifest.xml:24:13-56
43            android:exported="true" >
43-->src\main\AndroidManifest.xml:25:13-36
44            <intent-filter>
44-->src\main\AndroidManifest.xml:26:13-28:29
45                <action android:name="android.appwidget.action.APPWIDGET_CONFIGURE" />
45-->src\main\AndroidManifest.xml:27:17-87
45-->src\main\AndroidManifest.xml:27:25-84
46            </intent-filter>
47        </activity>
48
49        <receiver
49-->src\main\AndroidManifest.xml:31:9-40:20
50            android:name="ie.napkin.supertasks.widget.ListWidgetProvider"
50-->src\main\AndroidManifest.xml:32:13-54
51            android:exported="true" >
51-->src\main\AndroidManifest.xml:33:13-36
52            <intent-filter>
52-->src\main\AndroidManifest.xml:34:13-36:29
53                <action android:name="android.appwidget.action.APPWIDGET_UPDATE" />
53-->src\main\AndroidManifest.xml:35:17-84
53-->src\main\AndroidManifest.xml:35:25-81
54            </intent-filter>
55
56            <meta-data
56-->src\main\AndroidManifest.xml:37:13-39:60
57                android:name="android.appwidget.provider"
57-->src\main\AndroidManifest.xml:38:17-58
58                android:resource="@xml/list_widget_info" />
58-->src\main\AndroidManifest.xml:39:17-57
59        </receiver>
60
61        <service
61-->src\main\AndroidManifest.xml:42:9-45:40
62            android:name="ie.napkin.supertasks.widget.ListWidgetService"
62-->src\main\AndroidManifest.xml:43:13-53
63            android:exported="false"
63-->src\main\AndroidManifest.xml:45:13-37
64            android:permission="android.permission.BIND_REMOTEVIEWS" />
64-->src\main\AndroidManifest.xml:44:13-69
65
66        <activity
66-->[androidx.compose.ui:ui-tooling-android:1.11.4] AndroidManifest.xml:23:9-25:39
67            android:name="androidx.compose.ui.tooling.PreviewActivity"
67-->[androidx.compose.ui:ui-tooling-android:1.11.4] AndroidManifest.xml:24:13-71
68            android:exported="true" />
68-->[androidx.compose.ui:ui-tooling-android:1.11.4] AndroidManifest.xml:25:13-36
69
70        <provider
70-->[androidx.emoji2:emoji2:1.4.0] AndroidManifest.xml:24:9-32:20
71            android:name="androidx.startup.InitializationProvider"
71-->[androidx.emoji2:emoji2:1.4.0] AndroidManifest.xml:25:13-67
72            android:authorities="ie.napkin.supertasks.androidx-startup"
72-->[androidx.emoji2:emoji2:1.4.0] AndroidManifest.xml:26:13-68
73            android:exported="false" >
73-->[androidx.emoji2:emoji2:1.4.0] AndroidManifest.xml:27:13-37
74            <meta-data
74-->[androidx.emoji2:emoji2:1.4.0] AndroidManifest.xml:29:13-31:52
75                android:name="androidx.emoji2.text.EmojiCompatInitializer"
75-->[androidx.emoji2:emoji2:1.4.0] AndroidManifest.xml:30:17-75
76                android:value="androidx.startup" />
76-->[androidx.emoji2:emoji2:1.4.0] AndroidManifest.xml:31:17-49
77            <meta-data
77-->[androidx.lifecycle:lifecycle-process:2.9.4] AndroidManifest.xml:29:13-31:52
78                android:name="androidx.lifecycle.ProcessLifecycleInitializer"
78-->[androidx.lifecycle:lifecycle-process:2.9.4] AndroidManifest.xml:30:17-78
79                android:value="androidx.startup" />
79-->[androidx.lifecycle:lifecycle-process:2.9.4] AndroidManifest.xml:31:17-49
80            <meta-data
80-->[androidx.profileinstaller:profileinstaller:1.4.0] AndroidManifest.xml:29:13-31:52
81                android:name="androidx.profileinstaller.ProfileInstallerInitializer"
81-->[androidx.profileinstaller:profileinstaller:1.4.0] AndroidManifest.xml:30:17-85
82                android:value="androidx.startup" />
82-->[androidx.profileinstaller:profileinstaller:1.4.0] AndroidManifest.xml:31:17-49
83        </provider>
84
85        <uses-library
85-->[androidx.window:window:1.5.0] AndroidManifest.xml:23:9-25:40
86            android:name="androidx.window.extensions"
86-->[androidx.window:window:1.5.0] AndroidManifest.xml:24:13-54
87            android:required="false" />
87-->[androidx.window:window:1.5.0] AndroidManifest.xml:25:13-37
88        <uses-library
88-->[androidx.window:window:1.5.0] AndroidManifest.xml:26:9-28:40
89            android:name="androidx.window.sidecar"
89-->[androidx.window:window:1.5.0] AndroidManifest.xml:27:13-51
90            android:required="false" />
90-->[androidx.window:window:1.5.0] AndroidManifest.xml:28:13-37
91
92        <service
92-->[androidx.room:room-runtime-android:2.8.4] AndroidManifest.xml:24:9-28:63
93            android:name="androidx.room.MultiInstanceInvalidationService"
93-->[androidx.room:room-runtime-android:2.8.4] AndroidManifest.xml:25:13-74
94            android:directBootAware="true"
94-->[androidx.room:room-runtime-android:2.8.4] AndroidManifest.xml:26:13-43
95            android:exported="false" />
95-->[androidx.room:room-runtime-android:2.8.4] AndroidManifest.xml:27:13-37
96
97        <receiver
97-->[androidx.profileinstaller:profileinstaller:1.4.0] AndroidManifest.xml:34:9-52:20
98            android:name="androidx.profileinstaller.ProfileInstallReceiver"
98-->[androidx.profileinstaller:profileinstaller:1.4.0] AndroidManifest.xml:35:13-76
99            android:directBootAware="false"
99-->[androidx.profileinstaller:profileinstaller:1.4.0] AndroidManifest.xml:36:13-44
100            android:enabled="true"
100-->[androidx.profileinstaller:profileinstaller:1.4.0] AndroidManifest.xml:37:13-35
101            android:exported="true"
101-->[androidx.profileinstaller:profileinstaller:1.4.0] AndroidManifest.xml:38:13-36
102            android:permission="android.permission.DUMP" >
102-->[androidx.profileinstaller:profileinstaller:1.4.0] AndroidManifest.xml:39:13-57
103            <intent-filter>
103-->[androidx.profileinstaller:profileinstaller:1.4.0] AndroidManifest.xml:40:13-42:29
104                <action android:name="androidx.profileinstaller.action.INSTALL_PROFILE" />
104-->[androidx.profileinstaller:profileinstaller:1.4.0] AndroidManifest.xml:41:17-91
104-->[androidx.profileinstaller:profileinstaller:1.4.0] AndroidManifest.xml:41:25-88
105            </intent-filter>
106            <intent-filter>
106-->[androidx.profileinstaller:profileinstaller:1.4.0] AndroidManifest.xml:43:13-45:29
107                <action android:name="androidx.profileinstaller.action.SKIP_FILE" />
107-->[androidx.profileinstaller:profileinstaller:1.4.0] AndroidManifest.xml:44:17-85
107-->[androidx.profileinstaller:profileinstaller:1.4.0] AndroidManifest.xml:44:25-82
108            </intent-filter>
109            <intent-filter>
109-->[androidx.profileinstaller:profileinstaller:1.4.0] AndroidManifest.xml:46:13-48:29
110                <action android:name="androidx.profileinstaller.action.SAVE_PROFILE" />
110-->[androidx.profileinstaller:profileinstaller:1.4.0] AndroidManifest.xml:47:17-88
110-->[androidx.profileinstaller:profileinstaller:1.4.0] AndroidManifest.xml:47:25-85
111            </intent-filter>
112            <intent-filter>
112-->[androidx.profileinstaller:profileinstaller:1.4.0] AndroidManifest.xml:49:13-51:29
113                <action android:name="androidx.profileinstaller.action.BENCHMARK_OPERATION" />
113-->[androidx.profileinstaller:profileinstaller:1.4.0] AndroidManifest.xml:50:17-95
113-->[androidx.profileinstaller:profileinstaller:1.4.0] AndroidManifest.xml:50:25-92
114            </intent-filter>
115        </receiver>
116    </application>
117
118</manifest>